  Source.cpp
c:\users\robert\desktop\cs\sdl\project2\project2\source.cpp(13): warning C4244: 'initializing': conversion from 'double' to 'int', possible loss of data
c:\users\robert\desktop\cs\sdl\project2\project2\source.cpp(14): warning C4244: 'initializing': conversion from 'double' to 'int', possible loss of data
c:\users\robert\desktop\cs\sdl\project2\project2\source.cpp(17): warning C4305: 'initializing': truncation from 'double' to 'float'
c:\users\robert\desktop\cs\sdl\project2\project2\source.cpp(18): warning C4305: 'initializing': truncation from 'double' to 'float'
c:\users\robert\desktop\cs\sdl\project2\project2\source.cpp(19): warning C4305: 'initializing': truncation from 'double' to 'float'
c:\users\robert\desktop\cs\sdl\project2\project2\source.cpp(237): warning C4244: '=': conversion from 'double' to 'int', possible loss of data
c:\users\robert\desktop\cs\sdl\project2\project2\source.cpp(244): warning C4244: '=': conversion from 'double' to 'int', possible loss of data
c:\users\robert\desktop\cs\sdl\project2\project2\source.cpp(247): warning C4244: '=': conversion from 'double' to 'int', possible loss of data
c:\users\robert\desktop\cs\sdl\project2\project2\source.cpp(249): warning C4244: '=': conversion from 'double' to 'int', possible loss of data
c:\users\robert\desktop\cs\sdl\project2\project2\source.cpp(305): warning C4244: '+=': conversion from 'float' to 'int', possible loss of data
c:\users\robert\desktop\cs\sdl\project2\project2\source.cpp(311): warning C4244: '-=': conversion from 'float' to 'int', possible loss of data
c:\users\robert\desktop\cs\sdl\project2\project2\source.cpp(320): warning C4244: '-=': conversion from 'float' to 'int', possible loss of data
c:\users\robert\desktop\cs\sdl\project2\project2\source.cpp(338): warning C4244: '=': conversion from 'double' to 'int', possible loss of data
c:\users\robert\desktop\cs\sdl\project2\project2\source.cpp(346): warning C4244: '+=': conversion from 'float' to 'int', possible loss of data
c:\users\robert\desktop\cs\sdl\project2\project2\source.cpp(349): warning C4244: '-=': conversion from 'float' to 'int', possible loss of data
c:\users\robert\desktop\cs\sdl\project2\project2\source.cpp(354): warning C4244: '+=': conversion from 'float' to 'int', possible loss of data
c:\users\robert\desktop\cs\sdl\project2\project2\source.cpp(360): warning C4244: '=': conversion from 'double' to 'int', possible loss of data
c:\users\robert\desktop\cs\sdl\project2\project2\source.cpp(369): warning C4244: '+=': conversion from 'float' to 'int', possible loss of data
c:\users\robert\desktop\cs\sdl\project2\project2\source.cpp(407): warning C4244: '-=': conversion from 'float' to 'int', possible loss of data
  Project2.vcxproj -> C:\Users\Robert\Desktop\CS\SDL\Project2\x64\Debug\Project2.exe
